<?xml version="1.0" encoding="UTF-8"?>
<testng-results ignored="0" total="1" passed="1" failed="0" skipped="0">
  <reporter-output>
    <line>
      <![CDATA[Create customer]]>
    </line>
  </reporter-output>
  <suite started-at="2023-06-01T11:36:43 IST" name="Suite" finished-at="2023-06-01T11:36:43 IST" duration-ms="69">
    <groups>
    </groups>
    <test started-at="2023-06-01T11:36:43 IST" name="Test" finished-at="2023-06-01T11:36:43 IST" duration-ms="69">
      <class name="com.microsoft.testscript.CustomerModule">
        <test-method signature="createCustomer()[pri:0, instance:com.microsoft.testscript.CustomerModule@4c1d9d4b]" started-at="2023-06-01T11:36:43 IST" name="createCustomer" finished-at="2023-06-01T11:36:43 IST" duration-ms="18" status="PASS">
          <reporter-output>
            <line>
              <![CDATA[Create customer]]>
            </line>
          </reporter-output>
        </test-method> <!-- createCustomer -->
      </class> <!-- com.microsoft.testscript.CustomerModule -->
    </test> <!-- Test -->
  </suite> <!-- Suite -->
</testng-results>
